0 info it worked if it ends with ok
1 verbose cli [ '/usr/bin/nodejs', '/usr/bin/npm', 'run', 'express' ]
2 info using npm@3.10.3
3 info using node@v6.3.0
4 verbose run-script [ 'preexpress', 'express', 'postexpress' ]
5 info lifecycle yelp-pizza-party@0.0.0~preexpress: yelp-pizza-party@0.0.0
6 silly lifecycle yelp-pizza-party@0.0.0~preexpress: no script for preexpress, continuing
7 info lifecycle yelp-pizza-party@0.0.0~express: yelp-pizza-party@0.0.0
8 verbose lifecycle yelp-pizza-party@0.0.0~express: unsafe-perm in lifecycle true
9 verbose lifecycle yelp-pizza-party@0.0.0~express: PATH: /usr/lib/node_modules/npm/bin/node-gyp-bin:/home/ben/Code/typescript/yelp-pizza-party/node_modules/.bin:/usr/bin:/usr/lib/node_modules/npm/bin/node-gyp-bin:/home/ben/Code/typescript/yelp-pizza-party/node_modules/.bin:/usr/bin:/home/ben/.npm-packages/bin:/usr/local/sbin:/usr/local/bin:/usr/sbin:/usr/bin:/sbin:/bin:/usr/games:/usr/local/games
10 verbose lifecycle yelp-pizza-party@0.0.0~express: CWD: /home/ben/Code/typescript/yelp-pizza-party
11 silly lifecycle yelp-pizza-party@0.0.0~express: Args: [ '-c', 'node ./bin/www' ]
12 silly lifecycle yelp-pizza-party@0.0.0~express: Returned: code: 1  signal: null
13 info lifecycle yelp-pizza-party@0.0.0~express: Failed to exec express script
14 verbose stack Error: yelp-pizza-party@0.0.0 express: `node ./bin/www`
14 verbose stack Exit status 1
14 verbose stack     at EventEmitter.<anonymous> (/usr/lib/node_modules/npm/lib/utils/lifecycle.js:242:16)
14 verbose stack     at emitTwo (events.js:106:13)
14 verbose stack     at EventEmitter.emit (events.js:191:7)
14 verbose stack     at ChildProcess.<anonymous> (/usr/lib/node_modules/npm/lib/utils/spawn.js:40:14)
14 verbose stack     at emitTwo (events.js:106:13)
14 verbose stack     at ChildProcess.emit (events.js:191:7)
14 verbose stack     at maybeClose (internal/child_process.js:852:16)
14 verbose stack     at Process.ChildProcess._handle.onexit (internal/child_process.js:215:5)
15 verbose pkgid yelp-pizza-party@0.0.0
16 verbose cwd /home/ben/Code/typescript/yelp-pizza-party
17 error Linux 4.4.0-31-generic
18 error argv "/usr/bin/nodejs" "/usr/bin/npm" "run" "express"
19 error node v6.3.0
20 error npm  v3.10.3
21 error code ELIFECYCLE
22 error yelp-pizza-party@0.0.0 express: `node ./bin/www`
22 error Exit status 1
23 error Failed at the yelp-pizza-party@0.0.0 express script 'node ./bin/www'.
23 error Make sure you have the latest version of node.js and npm installed.
23 error If you do, this is most likely a problem with the yelp-pizza-party package,
23 error not with npm itself.
23 error Tell the author that this fails on your system:
23 error     node ./bin/www
23 error You can get information on how to open an issue for this project with:
23 error     npm bugs yelp-pizza-party
23 error Or if that isn't available, you can get their info via:
23 error     npm owner ls yelp-pizza-party
23 error There is likely additional logging output above.
24 verbose exit [ 1, true ]
